2026-06-08 16:57:07 [main] INFO  base.BaseTest - ========== Test Execution Started ==========
2026-06-08 16:57:07 [main] INFO  base.BaseTest - Setting up ChromeDriver
2026-06-08 16:57:10 [main] INFO  base.BaseTest - Launching Chrome Browser
2026-06-08 16:57:12 [main] INFO  base.BaseTest - Maximizing Browser Window
2026-06-08 16:57:12 [main] INFO  base.BaseTest - Applying Implicit Wait
2026-06-08 16:57:12 [main] INFO  base.BaseTest - Opening Application URL
2026-06-08 16:57:18 [main] INFO  base.BaseTest - Application Loaded Successfully
2026-06-08 16:57:20 [main] INFO  base.BaseTest - Closing Browser
2026-06-08 16:57:20 [main] INFO  base.BaseTest - ========== Test Execution Completed ==========
2026-06-10 10:19:37 [main] INFO  base.BaseTest - ========== Test Execution Started ==========
2026-06-10 10:19:37 [main] INFO  base.BaseTest - Setting up ChromeDriver
2026-06-10 10:20:52 [main] INFO  base.BaseTest - ========== Test Execution Started ==========
2026-06-10 10:20:52 [main] INFO  base.BaseTest - Setting up ChromeDriver
2026-06-10 10:23:03 [main] INFO  base.BaseTest - Launching Chrome Browser
2026-06-10 10:23:11 [main] INFO  base.BaseTest - Maximizing Browser Window
2026-06-10 10:23:11 [main] INFO  base.BaseTest - Applying Implicit Wait
2026-06-10 10:23:11 [main] INFO  base.BaseTest - Opening Application URL
2026-06-10 10:23:26 [main] INFO  base.BaseTest - Application Loaded Successfully
2026-06-10 10:23:27 [main] INFO  base.BaseTest - Closing Browser
2026-06-10 10:23:28 [main] INFO  base.BaseTest - ========== Test Execution Completed ==========
2026-06-10 10:25:18 [main] INFO  base.BaseTest - Launching Chrome Browser
2026-06-10 10:25:21 [main] INFO  base.BaseTest - Maximizing Browser Window
2026-06-10 10:25:21 [main] INFO  base.BaseTest - Applying Implicit Wait
2026-06-10 10:25:21 [main] INFO  base.BaseTest - Opening Application URL
2026-06-10 10:25:27 [main] INFO  base.BaseTest - Application Loaded Successfully
2026-06-10 10:25:39 [main] INFO  base.BaseTest - Closing Browser
2026-06-10 10:25:40 [main] INFO  base.BaseTest - ========== Test Execution Completed ==========
2026-06-10 10:49:01 [main] INFO  base.BaseTest - ========== Test Execution Started ==========
2026-06-10 10:49:01 [main] INFO  base.BaseTest - Setting up ChromeDriver
2026-06-10 10:49:02 [main] INFO  base.BaseTest - Launching Chrome Browser
2026-06-10 10:49:05 [main] INFO  base.BaseTest - Maximizing Browser Window
2026-06-10 10:49:05 [main] INFO  base.BaseTest - Applying Implicit Wait
2026-06-10 10:49:05 [main] INFO  base.BaseTest - Opening Application URL
2026-06-10 10:49:25 [main] INFO  base.BaseTest - Application Loaded Successfully
2026-06-10 10:49:29 [main] INFO  base.BaseTest - Closing Browser
2026-06-10 10:49:30 [main] INFO  base.BaseTest - ========== Test Execution Completed ==========
2026-06-10 11:48:41 [main] INFO  base.BaseTest - ========== Test Execution Started ==========
2026-06-10 11:48:41 [main] INFO  base.BaseTest - Setting up ChromeDriver
2026-06-10 11:48:44 [main] INFO  base.BaseTest - Launching Chrome Browser
2026-06-10 11:48:47 [main] INFO  base.BaseTest - Maximizing Browser Window
2026-06-10 11:48:47 [main] INFO  base.BaseTest - Applying Implicit Wait
2026-06-10 11:48:47 [main] INFO  base.BaseTest - Opening Application URL
2026-06-10 11:49:07 [main] INFO  base.BaseTest - Application Loaded Successfully
2026-06-10 11:49:09 [main] INFO  base.BaseTest - Closing Browser
2026-06-10 11:49:10 [main] INFO  base.BaseTest - ========== Test Execution Completed ==========
2026-06-10 11:49:10 [main] INFO  base.BaseTest - ========== Test Execution Started ==========
2026-06-10 11:49:10 [main] INFO  base.BaseTest - Setting up ChromeDriver
2026-06-10 11:49:10 [main] INFO  base.BaseTest - Launching Chrome Browser
2026-06-10 11:49:11 [main] INFO  base.BaseTest - Maximizing Browser Window
2026-06-10 11:49:12 [main] INFO  base.BaseTest - Applying Implicit Wait
2026-06-10 11:49:12 [main] INFO  base.BaseTest - Opening Application URL
2026-06-10 11:49:12 [main] INFO  base.BaseTest - Application Loaded Successfully
2026-06-10 11:49:33 [main] INFO  base.BaseTest - Closing Browser
2026-06-10 11:49:33 [main] INFO  base.BaseTest - ========== Test Execution Completed ==========
2026-06-10 11:49:33 [main] INFO  base.BaseTest - ========== Test Execution Started ==========
2026-06-10 11:49:33 [main] INFO  base.BaseTest - Setting up ChromeDriver
2026-06-10 11:49:33 [main] INFO  base.BaseTest - Launching Chrome Browser
2026-06-10 11:49:35 [main] INFO  base.BaseTest - Maximizing Browser Window
2026-06-10 11:49:35 [main] INFO  base.BaseTest - Applying Implicit Wait
2026-06-10 11:49:35 [main] INFO  base.BaseTest - Opening Application URL
2026-06-10 11:49:55 [main] INFO  base.BaseTest - Application Loaded Successfully
2026-06-10 11:49:56 [main] INFO  base.BaseTest - Closing Browser
2026-06-10 11:49:56 [main] INFO  base.BaseTest - ========== Test Execution Completed ==========
2026-06-10 14:06:39 [main] INFO  base.BaseTest - ========== Test Execution Started ==========
2026-06-10 14:06:39 [main] INFO  base.BaseTest - Setting up ChromeDriver
2026-06-10 14:06:53 [main] INFO  base.BaseTest - Launching Chrome Browser
2026-06-10 14:06:56 [main] INFO  base.BaseTest - Maximizing Browser Window
2026-06-10 14:06:56 [main] INFO  base.BaseTest - Applying Implicit Wait
2026-06-10 14:06:56 [main] INFO  base.BaseTest - Opening Application URL
2026-06-10 14:07:06 [main] INFO  base.BaseTest - Application Loaded Successfully
2026-06-10 14:07:10 [main] INFO  base.BaseTest - Closing Browser
2026-06-10 14:07:11 [main] INFO  base.BaseTest - ========== Test Execution Completed ==========
2026-06-10 14:07:11 [main] INFO  base.BaseTest - ========== Test Execution Started ==========
2026-06-10 14:07:11 [main] INFO  base.BaseTest - Setting up ChromeDriver
2026-06-10 14:07:11 [main] INFO  base.BaseTest - Launching Chrome Browser
2026-06-10 14:07:13 [main] INFO  base.BaseTest - Maximizing Browser Window
2026-06-10 14:07:13 [main] INFO  base.BaseTest - Applying Implicit Wait
2026-06-10 14:07:13 [main] INFO  base.BaseTest - Opening Application URL
2026-06-10 14:07:16 [main] INFO  base.BaseTest - Application Loaded Successfully
2026-06-10 14:07:17 [main] INFO  base.BaseTest - Closing Browser
2026-06-10 14:07:18 [main] INFO  base.BaseTest - ========== Test Execution Completed ==========
2026-06-10 14:07:18 [main] INFO  base.BaseTest - ========== Test Execution Started ==========
2026-06-10 14:07:18 [main] INFO  base.BaseTest - Setting up ChromeDriver
2026-06-10 14:07:18 [main] INFO  base.BaseTest - Launching Chrome Browser
2026-06-10 14:07:19 [main] INFO  base.BaseTest - Maximizing Browser Window
2026-06-10 14:07:20 [main] INFO  base.BaseTest - Applying Implicit Wait
2026-06-10 14:07:20 [main] INFO  base.BaseTest - Opening Application URL
2026-06-10 14:07:21 [main] INFO  base.BaseTest - Application Loaded Successfully
2026-06-10 14:07:26 [main] INFO  base.BaseTest - Closing Browser
2026-06-10 14:07:27 [main] INFO  base.BaseTest - ========== Test Execution Completed ==========
2026-06-10 14:07:27 [main] INFO  base.BaseTest - ========== Test Execution Started ==========
2026-06-10 14:07:27 [main] INFO  base.BaseTest - Setting up ChromeDriver
2026-06-10 14:07:27 [main] INFO  base.BaseTest - Launching Chrome Browser
2026-06-10 14:07:29 [main] INFO  base.BaseTest - Maximizing Browser Window
2026-06-10 14:07:29 [main] INFO  base.BaseTest - Applying Implicit Wait
2026-06-10 14:07:29 [main] INFO  base.BaseTest - Opening Application URL
2026-06-10 14:07:35 [main] INFO  base.BaseTest - Application Loaded Successfully
2026-06-10 14:07:37 [main] INFO  base.BaseTest - Closing Browser
2026-06-10 14:07:38 [main] INFO  base.BaseTest - ========== Test Execution Completed ==========
2026-06-10 14:07:38 [main] INFO  base.BaseTest - ========== Test Execution Started ==========
2026-06-10 14:07:38 [main] INFO  base.BaseTest - Setting up ChromeDriver
2026-06-10 14:07:38 [main] INFO  base.BaseTest - Launching Chrome Browser
2026-06-10 14:07:39 [main] INFO  base.BaseTest - Maximizing Browser Window
2026-06-10 14:07:39 [main] INFO  base.BaseTest - Applying Implicit Wait
2026-06-10 14:07:39 [main] INFO  base.BaseTest - Opening Application URL
2026-06-10 14:07:45 [main] INFO  base.BaseTest - Application Loaded Successfully
2026-06-10 14:07:46 [main] INFO  base.BaseTest - Closing Browser
2026-06-10 14:07:47 [main] INFO  base.BaseTest - ========== Test Execution Completed ==========
2026-06-10 14:07:47 [main] INFO  base.BaseTest - ========== Test Execution Started ==========
2026-06-10 14:07:47 [main] INFO  base.BaseTest - Setting up ChromeDriver
2026-06-10 14:07:47 [main] INFO  base.BaseTest - Launching Chrome Browser
2026-06-10 14:07:48 [main] INFO  base.BaseTest - Maximizing Browser Window
2026-06-10 14:07:48 [main] INFO  base.BaseTest - Applying Implicit Wait
2026-06-10 14:07:48 [main] INFO  base.BaseTest - Opening Application URL
2026-06-10 14:07:54 [main] INFO  base.BaseTest - Application Loaded Successfully
2026-06-10 14:07:55 [main] INFO  base.BaseTest - Closing Browser
2026-06-10 14:07:55 [main] INFO  base.BaseTest - ========== Test Execution Completed ==========
2026-06-10 14:07:55 [main] INFO  base.BaseTest - ========== Test Execution Started ==========
2026-06-10 14:07:55 [main] INFO  base.BaseTest - Setting up ChromeDriver
2026-06-10 14:07:55 [main] INFO  base.BaseTest - Launching Chrome Browser
2026-06-10 14:07:57 [main] INFO  base.BaseTest - Maximizing Browser Window
2026-06-10 14:07:57 [main] INFO  base.BaseTest - Applying Implicit Wait
2026-06-10 14:07:57 [main] INFO  base.BaseTest - Opening Application URL
2026-06-10 14:08:04 [main] INFO  base.BaseTest - Application Loaded Successfully
2026-06-10 14:08:05 [main] INFO  base.BaseTest - Closing Browser
2026-06-10 14:08:06 [main] INFO  base.BaseTest - ========== Test Execution Completed ==========
2026-06-10 14:08:06 [main] INFO  base.BaseTest - ========== Test Execution Started ==========
2026-06-10 14:08:06 [main] INFO  base.BaseTest - Setting up ChromeDriver
2026-06-10 14:08:06 [main] INFO  base.BaseTest - Launching Chrome Browser
2026-06-10 14:08:07 [main] INFO  base.BaseTest - Maximizing Browser Window
2026-06-10 14:08:08 [main] INFO  base.BaseTest - Applying Implicit Wait
2026-06-10 14:08:08 [main] INFO  base.BaseTest - Opening Application URL
2026-06-10 14:08:16 [main] INFO  base.BaseTest - Application Loaded Successfully
2026-06-10 14:08:17 [main] INFO  base.BaseTest - Closing Browser
2026-06-10 14:08:18 [main] INFO  base.BaseTest - ========== Test Execution Completed ==========
2026-06-10 14:08:18 [main] INFO  base.BaseTest - ========== Test Execution Started ==========
2026-06-10 14:08:18 [main] INFO  base.BaseTest - Setting up ChromeDriver
2026-06-10 14:08:18 [main] INFO  base.BaseTest - Launching Chrome Browser
2026-06-10 14:08:19 [main] INFO  base.BaseTest - Maximizing Browser Window
2026-06-10 14:08:19 [main] INFO  base.BaseTest - Applying Implicit Wait
2026-06-10 14:08:19 [main] INFO  base.BaseTest - Opening Application URL
2026-06-10 14:08:27 [main] INFO  base.BaseTest - Application Loaded Successfully
2026-06-10 14:08:27 [main] INFO  base.BaseTest - Closing Browser
2026-06-10 14:08:27 [main] INFO  base.BaseTest - ========== Test Execution Completed ==========
2026-06-10 14:08:27 [main] INFO  base.BaseTest - ========== Test Execution Started ==========
2026-06-10 14:08:27 [main] INFO  base.BaseTest - Setting up ChromeDriver
2026-06-10 14:08:27 [main] INFO  base.BaseTest - Launching Chrome Browser
2026-06-10 14:08:29 [main] INFO  base.BaseTest - Maximizing Browser Window
2026-06-10 14:08:29 [main] INFO  base.BaseTest - Applying Implicit Wait
2026-06-10 14:08:29 [main] INFO  base.BaseTest - Opening Application URL
2026-06-10 14:08:35 [main] INFO  base.BaseTest - Application Loaded Successfully
2026-06-10 14:08:36 [main] INFO  base.BaseTest - Closing Browser
2026-06-10 14:08:36 [main] INFO  base.BaseTest - ========== Test Execution Completed ==========
2026-06-10 14:08:36 [main] INFO  base.BaseTest - ========== Test Execution Started ==========
2026-06-10 14:08:36 [main] INFO  base.BaseTest - Setting up ChromeDriver
2026-06-10 14:08:36 [main] INFO  base.BaseTest - Launching Chrome Browser
2026-06-10 14:08:37 [main] INFO  base.BaseTest - Maximizing Browser Window
2026-06-10 14:08:37 [main] INFO  base.BaseTest - Applying Implicit Wait
2026-06-10 14:08:37 [main] INFO  base.BaseTest - Opening Application URL
2026-06-10 14:08:43 [main] INFO  base.BaseTest - Application Loaded Successfully
2026-06-10 14:08:44 [main] INFO  base.BaseTest - Closing Browser
2026-06-10 14:08:44 [main] INFO  base.BaseTest - ========== Test Execution Completed ==========
2026-06-10 14:08:44 [main] INFO  base.BaseTest - ========== Test Execution Started ==========
2026-06-10 14:08:44 [main] INFO  base.BaseTest - Setting up ChromeDriver
2026-06-10 14:08:44 [main] INFO  base.BaseTest - Launching Chrome Browser
2026-06-10 14:08:46 [main] INFO  base.BaseTest - Maximizing Browser Window
2026-06-10 14:08:46 [main] INFO  base.BaseTest - Applying Implicit Wait
2026-06-10 14:08:46 [main] INFO  base.BaseTest - Opening Application URL
2026-06-10 14:08:53 [main] INFO  base.BaseTest - Application Loaded Successfully
2026-06-10 14:08:55 [main] INFO  base.BaseTest - Closing Browser
2026-06-10 14:08:55 [main] INFO  base.BaseTest - ========== Test Execution Completed ==========
2026-06-10 14:08:58 [main] INFO  base.BaseTest - ========== Test Execution Started ==========
2026-06-10 14:08:58 [main] INFO  base.BaseTest - Setting up ChromeDriver
2026-06-10 14:08:58 [main] INFO  base.BaseTest - Launching Chrome Browser
2026-06-10 14:08:59 [main] INFO  base.BaseTest - Maximizing Browser Window
2026-06-10 14:08:59 [main] INFO  base.BaseTest - Applying Implicit Wait
2026-06-10 14:08:59 [main] INFO  base.BaseTest - Opening Application URL
2026-06-10 14:09:06 [main] INFO  base.BaseTest - Application Loaded Successfully
2026-06-10 14:09:08 [main] INFO  base.BaseTest - Closing Browser
2026-06-10 14:09:08 [main] INFO  base.BaseTest - ========== Test Execution Completed ==========
2026-06-10 14:09:08 [main] INFO  base.BaseTest - ========== Test Execution Started ==========
2026-06-10 14:09:08 [main] INFO  base.BaseTest - Setting up ChromeDriver
2026-06-10 14:09:08 [main] INFO  base.BaseTest - Launching Chrome Browser
2026-06-10 14:09:10 [main] INFO  base.BaseTest - Maximizing Browser Window
2026-06-10 14:09:10 [main] INFO  base.BaseTest - Applying Implicit Wait
2026-06-10 14:09:10 [main] INFO  base.BaseTest - Opening Application URL
2026-06-10 14:09:14 [main] INFO  base.BaseTest - Application Loaded Successfully
2026-06-10 14:09:16 [main] INFO  base.BaseTest - Closing Browser
2026-06-10 14:09:17 [main] INFO  base.BaseTest - ========== Test Execution Completed ==========
2026-06-10 14:09:17 [main] INFO  base.BaseTest - ========== Test Execution Started ==========
2026-06-10 14:09:17 [main] INFO  base.BaseTest - Setting up ChromeDriver
2026-06-10 14:09:17 [main] INFO  base.BaseTest - Launching Chrome Browser
2026-06-10 14:09:18 [main] INFO  base.BaseTest - Maximizing Browser Window
2026-06-10 14:09:18 [main] INFO  base.BaseTest - Applying Implicit Wait
2026-06-10 14:09:18 [main] INFO  base.BaseTest - Opening Application URL
2026-06-10 14:09:24 [main] INFO  base.BaseTest - Application Loaded Successfully
2026-06-10 14:09:27 [main] INFO  base.BaseTest - Closing Browser
2026-06-10 14:09:27 [main] INFO  base.BaseTest - ========== Test Execution Completed ==========
2026-06-10 14:22:36 [main] INFO  base.BaseTest - ========== Test Execution Started ==========
2026-06-10 14:22:36 [main] INFO  base.BaseTest - Setting up ChromeDriver
2026-06-10 14:22:37 [main] INFO  base.BaseTest - Launching Chrome Browser
2026-06-10 14:22:40 [main] INFO  base.BaseTest - Maximizing Browser Window
2026-06-10 14:22:40 [main] INFO  base.BaseTest - Applying Implicit Wait
2026-06-10 14:22:40 [main] INFO  base.BaseTest - Opening Application URL
2026-06-10 14:22:55 [main] INFO  base.BaseTest - Application Loaded Successfully
2026-06-10 14:22:56 [main] INFO  base.BaseTest - Closing Browser
2026-06-10 14:22:56 [main] INFO  base.BaseTest - ========== Test Execution Completed ==========
2026-06-10 14:32:09 [main] INFO  base.BaseTest - ========== Test Execution Started ==========
2026-06-10 14:32:09 [main] INFO  base.BaseTest - Setting up ChromeDriver
2026-06-10 14:32:10 [main] INFO  base.BaseTest - Launching Chrome Browser
2026-06-10 14:32:12 [main] INFO  base.BaseTest - Maximizing Browser Window
2026-06-10 14:32:12 [main] INFO  base.BaseTest - Applying Implicit Wait
2026-06-10 14:32:12 [main] INFO  base.BaseTest - Opening Application URL
2026-06-10 14:32:50 [main] INFO  base.BaseTest - Application Loaded Successfully
2026-06-10 14:32:53 [main] INFO  base.BaseTest - Closing Browser
2026-06-10 14:32:54 [main] INFO  base.BaseTest - ========== Test Execution Completed ==========
2026-06-10 14:32:54 [main] INFO  base.BaseTest - ========== Test Execution Started ==========
2026-06-10 14:32:54 [main] INFO  base.BaseTest - Setting up ChromeDriver
2026-06-10 14:32:54 [main] INFO  base.BaseTest - Launching Chrome Browser
2026-06-10 14:32:55 [main] INFO  base.BaseTest - Maximizing Browser Window
2026-06-10 14:32:55 [main] INFO  base.BaseTest - Applying Implicit Wait
2026-06-10 14:32:55 [main] INFO  base.BaseTest - Opening Application URL
2026-06-10 14:34:08 [main] INFO  base.BaseTest - Application Loaded Successfully
2026-06-10 14:34:08 [main] INFO  base.BaseTest - Closing Browser
2026-06-10 14:34:09 [main] INFO  base.BaseTest - ========== Test Execution Completed ==========
2026-06-10 14:34:09 [main] INFO  base.BaseTest - ========== Test Execution Started ==========
2026-06-10 14:34:09 [main] INFO  base.BaseTest - Setting up ChromeDriver
2026-06-10 14:34:09 [main] INFO  base.BaseTest - Launching Chrome Browser
2026-06-10 14:34:10 [main] INFO  base.BaseTest - Maximizing Browser Window
2026-06-10 14:34:10 [main] INFO  base.BaseTest - Applying Implicit Wait
2026-06-10 14:34:10 [main] INFO  base.BaseTest - Opening Application URL
2026-06-10 14:34:50 [main] INFO  base.BaseTest - Application Loaded Successfully
2026-06-10 14:34:51 [main] INFO  base.BaseTest - Closing Browser
2026-06-10 14:34:51 [main] INFO  base.BaseTest - ========== Test Execution Completed ==========
2026-06-10 14:34:51 [main] INFO  base.BaseTest - ========== Test Execution Started ==========
2026-06-10 14:34:51 [main] INFO  base.BaseTest - Setting up ChromeDriver
2026-06-10 14:34:51 [main] INFO  base.BaseTest - Launching Chrome Browser
2026-06-10 14:34:52 [main] INFO  base.BaseTest - Maximizing Browser Window
2026-06-10 14:34:53 [main] INFO  base.BaseTest - Applying Implicit Wait
2026-06-10 14:34:53 [main] INFO  base.BaseTest - Opening Application URL
2026-06-10 14:35:16 [main] INFO  base.BaseTest - Application Loaded Successfully
2026-06-10 14:35:18 [main] INFO  base.BaseTest - Closing Browser
2026-06-10 14:35:19 [main] INFO  base.BaseTest - ========== Test Execution Completed ==========
2026-06-10 14:35:19 [main] INFO  base.BaseTest - ========== Test Execution Started ==========
2026-06-10 14:35:19 [main] INFO  base.BaseTest - Setting up ChromeDriver
2026-06-10 14:35:19 [main] INFO  base.BaseTest - Launching Chrome Browser
2026-06-10 14:35:20 [main] INFO  base.BaseTest - Maximizing Browser Window
2026-06-10 14:35:20 [main] INFO  base.BaseTest - Applying Implicit Wait
2026-06-10 14:35:20 [main] INFO  base.BaseTest - Opening Application URL
2026-06-10 14:35:44 [main] INFO  base.BaseTest - Application Loaded Successfully
2026-06-10 14:35:45 [main] INFO  base.BaseTest - Closing Browser
2026-06-10 14:35:45 [main] INFO  base.BaseTest - ========== Test Execution Completed ==========
2026-06-10 14:35:45 [main] INFO  base.BaseTest - ========== Test Execution Started ==========
2026-06-10 14:35:45 [main] INFO  base.BaseTest - Setting up ChromeDriver
2026-06-10 14:35:45 [main] INFO  base.BaseTest - Launching Chrome Browser
2026-06-10 14:35:46 [main] INFO  base.BaseTest - Maximizing Browser Window
2026-06-10 14:35:46 [main] INFO  base.BaseTest - Applying Implicit Wait
2026-06-10 14:35:46 [main] INFO  base.BaseTest - Opening Application URL
2026-06-10 14:36:23 [main] INFO  base.BaseTest - Application Loaded Successfully
2026-06-10 14:36:23 [main] INFO  base.BaseTest - Closing Browser
2026-06-10 14:36:24 [main] INFO  base.BaseTest - ========== Test Execution Completed ==========
2026-06-10 14:36:24 [main] INFO  base.BaseTest - ========== Test Execution Started ==========
2026-06-10 14:36:24 [main] INFO  base.BaseTest - Setting up ChromeDriver
2026-06-10 14:36:24 [main] INFO  base.BaseTest - Launching Chrome Browser
2026-06-10 14:36:25 [main] INFO  base.BaseTest - Maximizing Browser Window
2026-06-10 14:36:25 [main] INFO  base.BaseTest - Applying Implicit Wait
2026-06-10 14:36:25 [main] INFO  base.BaseTest - Opening Application URL
2026-06-10 14:37:05 [main] INFO  base.BaseTest - Application Loaded Successfully
2026-06-10 14:37:06 [main] INFO  base.BaseTest - Closing Browser
2026-06-10 14:37:06 [main] INFO  base.BaseTest - ========== Test Execution Completed ==========
2026-06-10 14:37:06 [main] INFO  base.BaseTest - ========== Test Execution Started ==========
2026-06-10 14:37:06 [main] INFO  base.BaseTest - Setting up ChromeDriver
2026-06-10 14:37:06 [main] INFO  base.BaseTest - Launching Chrome Browser
2026-06-10 14:37:08 [main] INFO  base.BaseTest - Maximizing Browser Window
2026-06-10 14:37:08 [main] INFO  base.BaseTest - Applying Implicit Wait
2026-06-10 14:37:08 [main] INFO  base.BaseTest - Opening Application URL
2026-06-10 14:37:32 [main] INFO  base.BaseTest - Application Loaded Successfully
2026-06-10 14:37:34 [main] INFO  base.BaseTest - Closing Browser
2026-06-10 14:37:34 [main] INFO  base.BaseTest - ========== Test Execution Completed ==========
2026-06-10 14:37:34 [main] INFO  base.BaseTest - ========== Test Execution Started ==========
2026-06-10 14:37:34 [main] INFO  base.BaseTest - Setting up ChromeDriver
2026-06-10 14:37:34 [main] INFO  base.BaseTest - Launching Chrome Browser
2026-06-10 14:37:36 [main] INFO  base.BaseTest - Maximizing Browser Window
2026-06-10 14:37:36 [main] INFO  base.BaseTest - Applying Implicit Wait
2026-06-10 14:37:36 [main] INFO  base.BaseTest - Opening Application URL
2026-06-10 14:37:55 [main] INFO  base.BaseTest - Application Loaded Successfully
2026-06-10 14:37:56 [main] INFO  base.BaseTest - Closing Browser
2026-06-10 14:37:56 [main] INFO  base.BaseTest - ========== Test Execution Completed ==========
2026-06-10 14:37:56 [main] INFO  base.BaseTest - ========== Test Execution Started ==========
2026-06-10 14:37:56 [main] INFO  base.BaseTest - Setting up ChromeDriver
2026-06-10 14:37:56 [main] INFO  base.BaseTest - Launching Chrome Browser
2026-06-10 14:37:58 [main] INFO  base.BaseTest - Maximizing Browser Window
2026-06-10 14:37:58 [main] INFO  base.BaseTest - Applying Implicit Wait
2026-06-10 14:37:58 [main] INFO  base.BaseTest - Opening Application URL
2026-06-10 14:38:03 [main] INFO  base.BaseTest - Application Loaded Successfully
2026-06-10 14:38:03 [main] INFO  base.BaseTest - Closing Browser
2026-06-10 14:38:04 [main] INFO  base.BaseTest - ========== Test Execution Completed ==========
2026-06-10 14:38:04 [main] INFO  base.BaseTest - ========== Test Execution Started ==========
2026-06-10 14:38:04 [main] INFO  base.BaseTest - Setting up ChromeDriver
2026-06-10 14:38:04 [main] INFO  base.BaseTest - Launching Chrome Browser
2026-06-10 14:38:05 [main] INFO  base.BaseTest - Maximizing Browser Window
2026-06-10 14:38:05 [main] INFO  base.BaseTest - Applying Implicit Wait
2026-06-10 14:38:05 [main] INFO  base.BaseTest - Opening Application URL
2026-06-10 14:38:26 [main] INFO  base.BaseTest - Application Loaded Successfully
2026-06-10 14:38:27 [main] INFO  base.BaseTest - Closing Browser
2026-06-10 14:38:27 [main] INFO  base.BaseTest - ========== Test Execution Completed ==========
2026-06-10 14:38:27 [main] INFO  base.BaseTest - ========== Test Execution Started ==========
2026-06-10 14:38:27 [main] INFO  base.BaseTest - Setting up ChromeDriver
2026-06-10 14:38:27 [main] INFO  base.BaseTest - Launching Chrome Browser
2026-06-10 14:38:29 [main] INFO  base.BaseTest - Maximizing Browser Window
2026-06-10 14:38:29 [main] INFO  base.BaseTest - Applying Implicit Wait
2026-06-10 14:38:29 [main] INFO  base.BaseTest - Opening Application URL
2026-06-10 14:38:54 [main] INFO  base.BaseTest - Application Loaded Successfully
2026-06-10 14:38:55 [main] INFO  base.BaseTest - Closing Browser
2026-06-10 14:38:56 [main] INFO  base.BaseTest - ========== Test Execution Completed ==========
2026-06-10 14:38:57 [main] INFO  base.BaseTest - ========== Test Execution Started ==========
2026-06-10 14:38:57 [main] INFO  base.BaseTest - Setting up ChromeDriver
2026-06-10 14:38:58 [main] INFO  base.BaseTest - Launching Chrome Browser
2026-06-10 14:38:59 [main] INFO  base.BaseTest - Maximizing Browser Window
2026-06-10 14:38:59 [main] INFO  base.BaseTest - Applying Implicit Wait
2026-06-10 14:38:59 [main] INFO  base.BaseTest - Opening Application URL
2026-06-10 14:39:22 [main] INFO  base.BaseTest - Application Loaded Successfully
2026-06-10 14:39:24 [main] INFO  base.BaseTest - Closing Browser
2026-06-10 14:39:24 [main] INFO  base.BaseTest - ========== Test Execution Completed ==========
2026-06-10 14:39:24 [main] INFO  base.BaseTest - ========== Test Execution Started ==========
2026-06-10 14:39:24 [main] INFO  base.BaseTest - Setting up ChromeDriver
2026-06-10 14:39:24 [main] INFO  base.BaseTest - Launching Chrome Browser
2026-06-10 14:39:26 [main] INFO  base.BaseTest - Maximizing Browser Window
2026-06-10 14:39:27 [main] INFO  base.BaseTest - Applying Implicit Wait
2026-06-10 14:39:27 [main] INFO  base.BaseTest - Opening Application URL
2026-06-10 14:40:03 [main] INFO  base.BaseTest - Application Loaded Successfully
2026-06-10 14:40:05 [main] INFO  base.BaseTest - Closing Browser
2026-06-10 14:40:05 [main] INFO  base.BaseTest - ========== Test Execution Completed ==========
2026-06-10 14:40:05 [main] INFO  base.BaseTest - ========== Test Execution Started ==========
2026-06-10 14:40:05 [main] INFO  base.BaseTest - Setting up ChromeDriver
2026-06-10 14:40:05 [main] INFO  base.BaseTest - Launching Chrome Browser
2026-06-10 14:40:07 [main] INFO  base.BaseTest - Maximizing Browser Window
2026-06-10 14:40:07 [main] INFO  base.BaseTest - Applying Implicit Wait
2026-06-10 14:40:07 [main] INFO  base.BaseTest - Opening Application URL
2026-06-10 14:40:30 [main] INFO  base.BaseTest - Application Loaded Successfully
2026-06-10 14:40:32 [main] INFO  base.BaseTest - Closing Browser
2026-06-10 14:40:32 [main] INFO  base.BaseTest - ========== Test Execution Completed ==========
2026-06-10 16:26:49 [main] INFO  base.BaseTest - ========== Test Execution Started ==========
2026-06-10 16:26:49 [main] INFO  base.BaseTest - Setting up ChromeDriver
2026-06-10 16:26:52 [main] INFO  base.BaseTest - Launching Chrome Browser
2026-06-10 16:26:54 [main] INFO  base.BaseTest - Maximizing Browser Window
2026-06-10 16:26:54 [main] INFO  base.BaseTest - Applying Implicit Wait
2026-06-10 16:26:55 [main] INFO  base.BaseTest - Opening Application URL
2026-06-10 16:27:00 [main] INFO  base.BaseTest - Application Loaded Successfully
2026-06-10 16:27:02 [main] INFO  base.BaseTest - Closing Browser
2026-06-10 16:27:02 [main] INFO  base.BaseTest - ========== Test Execution Completed ==========
2026-06-10 16:27:22 [main] INFO  base.BaseTest - ========== Test Execution Started ==========
2026-06-10 16:27:22 [main] INFO  base.BaseTest - Setting up ChromeDriver
2026-06-10 16:27:23 [main] INFO  base.BaseTest - Launching Chrome Browser
2026-06-10 16:27:24 [main] INFO  base.BaseTest - Maximizing Browser Window
2026-06-10 16:27:24 [main] INFO  base.BaseTest - Applying Implicit Wait
2026-06-10 16:27:25 [main] INFO  base.BaseTest - Opening Application URL
2026-06-10 16:27:30 [main] INFO  base.BaseTest - Application Loaded Successfully
2026-06-10 16:27:32 [main] INFO  base.BaseTest - Closing Browser
2026-06-10 16:27:32 [main] INFO  base.BaseTest - ========== Test Execution Completed ==========
2026-06-10 16:27:32 [main] INFO  base.BaseTest - ========== Test Execution Started ==========
2026-06-10 16:27:32 [main] INFO  base.BaseTest - Setting up ChromeDriver
2026-06-10 16:27:32 [main] INFO  base.BaseTest - Launching Chrome Browser
2026-06-10 16:27:33 [main] INFO  base.BaseTest - Maximizing Browser Window
2026-06-10 16:27:33 [main] INFO  base.BaseTest - Applying Implicit Wait
2026-06-10 16:27:33 [main] INFO  base.BaseTest - Opening Application URL
2026-06-10 16:27:39 [main] INFO  base.BaseTest - Application Loaded Successfully
2026-06-10 16:27:40 [main] INFO  base.BaseTest - Closing Browser
2026-06-10 16:27:40 [main] INFO  base.BaseTest - ========== Test Execution Completed ==========
2026-06-10 16:27:40 [main] INFO  base.BaseTest - ========== Test Execution Started ==========
2026-06-10 16:27:40 [main] INFO  base.BaseTest - Setting up ChromeDriver
2026-06-10 16:27:40 [main] INFO  base.BaseTest - Launching Chrome Browser
2026-06-10 16:27:42 [main] INFO  base.BaseTest - Maximizing Browser Window
2026-06-10 16:27:42 [main] INFO  base.BaseTest - Applying Implicit Wait
2026-06-10 16:27:42 [main] INFO  base.BaseTest - Opening Application URL
2026-06-10 16:27:47 [main] INFO  base.BaseTest - Application Loaded Successfully
2026-06-10 16:27:49 [main] INFO  base.BaseTest - Closing Browser
2026-06-10 16:27:49 [main] INFO  base.BaseTest - ========== Test Execution Completed ==========
2026-06-10 17:54:04 [main] INFO  base.BaseTest - ========== Test Execution Started ==========
2026-06-10 17:54:05 [main] INFO  base.BaseTest - Setting up ChromeDriver
2026-06-10 17:54:08 [main] INFO  base.BaseTest - Launching Chrome Browser
2026-06-10 17:54:11 [main] INFO  base.BaseTest - Maximizing Browser Window
2026-06-10 17:54:11 [main] INFO  base.BaseTest - Applying Implicit Wait
2026-06-10 17:54:11 [main] INFO  base.BaseTest - Opening Application URL
2026-06-10 17:54:16 [main] INFO  base.BaseTest - Application Loaded Successfully
2026-06-10 17:54:17 [main] INFO  base.BaseTest - Closing Browser
2026-06-10 17:54:18 [main] INFO  base.BaseTest - ========== Test Execution Completed ==========
2026-06-10 17:54:39 [main] INFO  base.BaseTest - ========== Test Execution Started ==========
2026-06-10 17:54:39 [main] INFO  base.BaseTest - Setting up ChromeDriver
2026-06-10 17:54:40 [main] INFO  base.BaseTest - Launching Chrome Browser
2026-06-10 17:54:42 [main] INFO  base.BaseTest - Maximizing Browser Window
2026-06-10 17:54:42 [main] INFO  base.BaseTest - Applying Implicit Wait
2026-06-10 17:54:42 [main] INFO  base.BaseTest - Opening Application URL
2026-06-10 17:54:48 [main] INFO  base.BaseTest - Application Loaded Successfully
2026-06-10 17:54:50 [main] INFO  base.BaseTest - Closing Browser
2026-06-10 17:54:50 [main] INFO  base.BaseTest - ========== Test Execution Completed ==========
2026-06-10 17:54:50 [main] INFO  base.BaseTest - ========== Test Execution Started ==========
2026-06-10 17:54:50 [main] INFO  base.BaseTest - Setting up ChromeDriver
2026-06-10 17:54:50 [main] INFO  base.BaseTest - Launching Chrome Browser
2026-06-10 17:54:52 [main] INFO  base.BaseTest - Maximizing Browser Window
2026-06-10 17:54:52 [main] INFO  base.BaseTest - Applying Implicit Wait
2026-06-10 17:54:52 [main] INFO  base.BaseTest - Opening Application URL
2026-06-10 17:55:03 [main] INFO  base.BaseTest - Application Loaded Successfully
2026-06-10 17:55:03 [main] INFO  base.BaseTest - Closing Browser
2026-06-10 17:55:03 [main] INFO  base.BaseTest - ========== Test Execution Completed ==========
2026-06-10 17:55:03 [main] INFO  base.BaseTest - ========== Test Execution Started ==========
2026-06-10 17:55:03 [main] INFO  base.BaseTest - Setting up ChromeDriver
2026-06-10 17:55:04 [main] INFO  base.BaseTest - Launching Chrome Browser
2026-06-10 17:55:05 [main] INFO  base.BaseTest - Maximizing Browser Window
2026-06-10 17:55:05 [main] INFO  base.BaseTest - Applying Implicit Wait
2026-06-10 17:55:05 [main] INFO  base.BaseTest - Opening Application URL
2026-06-10 17:55:09 [main] INFO  base.BaseTest - Application Loaded Successfully
2026-06-10 17:55:10 [main] INFO  base.BaseTest - Closing Browser
2026-06-10 17:55:10 [main] INFO  base.BaseTest - ========== Test Execution Completed ==========
2026-06-10 17:55:10 [main] INFO  base.BaseTest - ========== Test Execution Started ==========
2026-06-10 17:55:10 [main] INFO  base.BaseTest - Setting up ChromeDriver
2026-06-10 17:55:10 [main] INFO  base.BaseTest - Launching Chrome Browser
2026-06-10 17:55:12 [main] INFO  base.BaseTest - Maximizing Browser Window
2026-06-10 17:55:12 [main] INFO  base.BaseTest - Applying Implicit Wait
2026-06-10 17:55:12 [main] INFO  base.BaseTest - Opening Application URL
2026-06-10 17:55:17 [main] INFO  base.BaseTest - Application Loaded Successfully
2026-06-10 17:55:19 [main] INFO  base.BaseTest - Closing Browser
2026-06-10 17:55:19 [main] INFO  base.BaseTest - ========== Test Execution Completed ==========
2026-06-10 17:55:19 [main] INFO  base.BaseTest - ========== Test Execution Started ==========
2026-06-10 17:55:19 [main] INFO  base.BaseTest - Setting up ChromeDriver
2026-06-10 17:55:19 [main] INFO  base.BaseTest - Launching Chrome Browser
2026-06-10 17:55:20 [main] INFO  base.BaseTest - Maximizing Browser Window
2026-06-10 17:55:21 [main] INFO  base.BaseTest - Applying Implicit Wait
2026-06-10 17:55:21 [main] INFO  base.BaseTest - Opening Application URL
2026-06-10 17:55:25 [main] INFO  base.BaseTest - Application Loaded Successfully
2026-06-10 17:55:26 [main] INFO  base.BaseTest - Closing Browser
2026-06-10 17:55:26 [main] INFO  base.BaseTest - ========== Test Execution Completed ==========
2026-06-10 17:55:26 [main] INFO  base.BaseTest - ========== Test Execution Started ==========
2026-06-10 17:55:26 [main] INFO  base.BaseTest - Setting up ChromeDriver
2026-06-10 17:55:26 [main] INFO  base.BaseTest - Launching Chrome Browser
2026-06-10 17:55:28 [main] INFO  base.BaseTest - Maximizing Browser Window
2026-06-10 17:55:28 [main] INFO  base.BaseTest - Applying Implicit Wait
2026-06-10 17:55:28 [main] INFO  base.BaseTest - Opening Application URL
2026-06-10 17:55:32 [main] INFO  base.BaseTest - Application Loaded Successfully
2026-06-10 17:55:33 [main] INFO  base.BaseTest - Closing Browser
2026-06-10 17:55:33 [main] INFO  base.BaseTest - ========== Test Execution Completed ==========
2026-06-10 17:55:33 [main] INFO  base.BaseTest - ========== Test Execution Started ==========
2026-06-10 17:55:33 [main] INFO  base.BaseTest - Setting up ChromeDriver
2026-06-10 17:55:33 [main] INFO  base.BaseTest - Launching Chrome Browser
2026-06-10 17:55:34 [main] INFO  base.BaseTest - Maximizing Browser Window
2026-06-10 17:55:34 [main] INFO  base.BaseTest - Applying Implicit Wait
2026-06-10 17:55:34 [main] INFO  base.BaseTest - Opening Application URL
2026-06-10 17:55:39 [main] INFO  base.BaseTest - Application Loaded Successfully
2026-06-10 17:55:39 [main] INFO  base.BaseTest - Closing Browser
2026-06-10 17:55:40 [main] INFO  base.BaseTest - ========== Test Execution Completed ==========
2026-06-10 17:55:40 [main] INFO  base.BaseTest - ========== Test Execution Started ==========
2026-06-10 17:55:40 [main] INFO  base.BaseTest - Setting up ChromeDriver
2026-06-10 17:55:40 [main] INFO  base.BaseTest - Launching Chrome Browser
2026-06-10 17:55:41 [main] INFO  base.BaseTest - Maximizing Browser Window
2026-06-10 17:55:41 [main] INFO  base.BaseTest - Applying Implicit Wait
2026-06-10 17:55:41 [main] INFO  base.BaseTest - Opening Application URL
2026-06-10 17:55:45 [main] INFO  base.BaseTest - Application Loaded Successfully
2026-06-10 17:55:46 [main] INFO  base.BaseTest - Closing Browser
2026-06-10 17:55:47 [main] INFO  base.BaseTest - ========== Test Execution Completed ==========
2026-06-10 17:55:47 [main] INFO  base.BaseTest - ========== Test Execution Started ==========
2026-06-10 17:55:47 [main] INFO  base.BaseTest - Setting up ChromeDriver
2026-06-10 17:55:47 [main] INFO  base.BaseTest - Launching Chrome Browser
2026-06-10 17:55:48 [main] INFO  base.BaseTest - Maximizing Browser Window
2026-06-10 17:55:48 [main] INFO  base.BaseTest - Applying Implicit Wait
2026-06-10 17:55:48 [main] INFO  base.BaseTest - Opening Application URL
2026-06-10 17:55:54 [main] INFO  base.BaseTest - Application Loaded Successfully
2026-06-10 17:55:54 [main] INFO  base.BaseTest - Closing Browser
2026-06-10 17:55:54 [main] INFO  base.BaseTest - ========== Test Execution Completed ==========
2026-06-10 17:55:54 [main] INFO  base.BaseTest - ========== Test Execution Started ==========
2026-06-10 17:55:54 [main] INFO  base.BaseTest - Setting up ChromeDriver
2026-06-10 17:55:54 [main] INFO  base.BaseTest - Launching Chrome Browser
2026-06-10 17:55:55 [main] INFO  base.BaseTest - Maximizing Browser Window
2026-06-10 17:55:56 [main] INFO  base.BaseTest - Applying Implicit Wait
2026-06-10 17:55:56 [main] INFO  base.BaseTest - Opening Application URL
2026-06-10 17:56:00 [main] INFO  base.BaseTest - Application Loaded Successfully
2026-06-10 17:56:01 [main] INFO  base.BaseTest - Closing Browser
2026-06-10 17:56:01 [main] INFO  base.BaseTest - ========== Test Execution Completed ==========
2026-06-10 17:56:01 [main] INFO  base.BaseTest - ========== Test Execution Started ==========
2026-06-10 17:56:01 [main] INFO  base.BaseTest - Setting up ChromeDriver
2026-06-10 17:56:01 [main] INFO  base.BaseTest - Launching Chrome Browser
2026-06-10 17:56:02 [main] INFO  base.BaseTest - Maximizing Browser Window
2026-06-10 17:56:02 [main] INFO  base.BaseTest - Applying Implicit Wait
2026-06-10 17:56:02 [main] INFO  base.BaseTest - Opening Application URL
2026-06-10 17:56:06 [main] INFO  base.BaseTest - Application Loaded Successfully
2026-06-10 17:56:07 [main] INFO  base.BaseTest - Closing Browser
2026-06-10 17:56:07 [main] INFO  base.BaseTest - ========== Test Execution Completed ==========
2026-06-10 17:56:07 [main] INFO  base.BaseTest - ========== Test Execution Started ==========
2026-06-10 17:56:07 [main] INFO  base.BaseTest - Setting up ChromeDriver
2026-06-10 17:56:07 [main] INFO  base.BaseTest - Launching Chrome Browser
2026-06-10 17:56:09 [main] INFO  base.BaseTest - Maximizing Browser Window
2026-06-10 17:56:09 [main] INFO  base.BaseTest - Applying Implicit Wait
2026-06-10 17:56:09 [main] INFO  base.BaseTest - Opening Application URL
2026-06-10 17:56:14 [main] INFO  base.BaseTest - Application Loaded Successfully
2026-06-10 17:56:16 [main] INFO  base.BaseTest - Closing Browser
2026-06-10 17:56:18 [main] INFO  base.BaseTest - ========== Test Execution Completed ==========
2026-06-10 17:56:19 [main] INFO  base.BaseTest - ========== Test Execution Started ==========
2026-06-10 17:56:19 [main] INFO  base.BaseTest - Setting up ChromeDriver
2026-06-10 17:56:19 [main] INFO  base.BaseTest - Launching Chrome Browser
2026-06-10 17:56:20 [main] INFO  base.BaseTest - Maximizing Browser Window
2026-06-10 17:56:20 [main] INFO  base.BaseTest - Applying Implicit Wait
2026-06-10 17:56:20 [main] INFO  base.BaseTest - Opening Application URL
2026-06-10 17:56:25 [main] INFO  base.BaseTest - Application Loaded Successfully
2026-06-10 17:56:26 [main] INFO  base.BaseTest - Closing Browser
2026-06-10 17:56:26 [main] INFO  base.BaseTest - ========== Test Execution Completed ==========
2026-06-10 17:56:26 [main] INFO  base.BaseTest - ========== Test Execution Started ==========
2026-06-10 17:56:26 [main] INFO  base.BaseTest - Setting up ChromeDriver
2026-06-10 17:56:26 [main] INFO  base.BaseTest - Launching Chrome Browser
2026-06-10 17:56:28 [main] INFO  base.BaseTest - Maximizing Browser Window
2026-06-10 17:56:28 [main] INFO  base.BaseTest - Applying Implicit Wait
2026-06-10 17:56:28 [main] INFO  base.BaseTest - Opening Application URL
2026-06-10 17:56:32 [main] INFO  base.BaseTest - Application Loaded Successfully
2026-06-10 17:56:33 [main] INFO  base.BaseTest - Closing Browser
2026-06-10 17:56:34 [main] INFO  base.BaseTest - ========== Test Execution Completed ==========
2026-06-10 17:56:34 [main] INFO  base.BaseTest - ========== Test Execution Started ==========
2026-06-10 17:56:34 [main] INFO  base.BaseTest - Setting up ChromeDriver
2026-06-10 17:56:34 [main] INFO  base.BaseTest - Launching Chrome Browser
2026-06-10 17:56:35 [main] INFO  base.BaseTest - Maximizing Browser Window
2026-06-10 17:56:35 [main] INFO  base.BaseTest - Applying Implicit Wait
2026-06-10 17:56:35 [main] INFO  base.BaseTest - Opening Application URL
2026-06-10 17:56:41 [main] INFO  base.BaseTest - Application Loaded Successfully
2026-06-10 17:56:42 [main] INFO  base.BaseTest - Closing Browser
2026-06-10 17:56:42 [main] INFO  base.BaseTest - ========== Test Execution Completed ==========
2026-06-10 17:57:13 [main] INFO  base.BaseTest - ========== Test Execution Started ==========
2026-06-10 17:57:13 [main] INFO  base.BaseTest - Setting up ChromeDriver
2026-06-10 17:57:14 [main] INFO  base.BaseTest - Launching Chrome Browser
2026-06-10 17:57:16 [main] INFO  base.BaseTest - Maximizing Browser Window
2026-06-10 17:57:16 [main] INFO  base.BaseTest - Applying Implicit Wait
2026-06-10 17:57:16 [main] INFO  base.BaseTest - Opening Application URL
2026-06-10 17:57:21 [main] INFO  base.BaseTest - Application Loaded Successfully
2026-06-10 17:57:22 [main] INFO  base.BaseTest - Closing Browser
2026-06-10 17:57:22 [main] INFO  base.BaseTest - ========== Test Execution Completed ==========
2026-06-11 12:23:30 [main] INFO  base.BaseTest - ========== Test Execution Started ==========
2026-06-11 12:23:30 [main] INFO  base.BaseTest - Setting up ChromeDriver
2026-06-11 12:23:35 [main] INFO  base.BaseTest - Launching Chrome Browser
2026-06-11 12:23:38 [main] INFO  base.BaseTest - Maximizing Browser Window
2026-06-11 12:23:38 [main] INFO  base.BaseTest - Applying Implicit Wait
2026-06-11 12:23:38 [main] INFO  base.BaseTest - Opening Application URL
2026-06-11 12:23:43 [main] INFO  base.BaseTest - Application Loaded Successfully
2026-06-11 12:23:49 [main] INFO  base.BaseTest - Closing Browser
2026-06-11 12:23:49 [main] INFO  base.BaseTest - ========== Test Execution Completed ==========
2026-06-11 13:06:06 [main] INFO  base.BaseTest - ========== Test Execution Started ==========
2026-06-11 13:06:06 [main] INFO  base.BaseTest - Setting up ChromeDriver
2026-06-11 13:06:07 [main] INFO  base.BaseTest - Launching Chrome Browser
2026-06-11 13:06:08 [main] INFO  base.BaseTest - Maximizing Browser Window
2026-06-11 13:06:08 [main] INFO  base.BaseTest - Applying Implicit Wait
2026-06-11 13:06:08 [main] INFO  base.BaseTest - Opening Application URL
2026-06-11 13:06:12 [main] INFO  base.BaseTest - Application Loaded Successfully
2026-06-11 13:06:13 [main] INFO  base.BaseTest - Closing Browser
2026-06-11 13:06:13 [main] INFO  base.BaseTest - ========== Test Execution Completed ==========
2026-06-11 14:18:13 [main] INFO  base.BaseTest - ========== Test Execution Started ==========
2026-06-11 14:18:13 [main] INFO  base.BaseTest - Setting up ChromeDriver
2026-06-11 14:18:23 [main] INFO  base.BaseTest - Launching Chrome Browser
2026-06-11 14:18:28 [main] INFO  base.BaseTest - Maximizing Browser Window
2026-06-11 14:18:28 [main] INFO  base.BaseTest - Applying Implicit Wait
2026-06-11 14:18:28 [main] INFO  base.BaseTest - Opening Application URL
2026-06-11 14:18:30 [main] INFO  base.BaseTest - Application Loaded Successfully
2026-06-11 14:18:40 [main] INFO  base.BaseTest - Closing Browser
2026-06-11 14:18:43 [main] INFO  base.BaseTest - ========== Test Execution Completed ==========
2026-06-11 14:18:43 [main] INFO  base.BaseTest - ========== Test Execution Started ==========
2026-06-11 14:18:43 [main] INFO  base.BaseTest - Setting up ChromeDriver
2026-06-11 14:18:43 [main] INFO  base.BaseTest - Launching Chrome Browser
2026-06-11 14:18:45 [main] INFO  base.BaseTest - Maximizing Browser Window
2026-06-11 14:18:45 [main] INFO  base.BaseTest - Applying Implicit Wait
2026-06-11 14:18:46 [main] INFO  base.BaseTest - Opening Application URL
2026-06-11 14:18:52 [main] INFO  base.BaseTest - Application Loaded Successfully
2026-06-11 14:18:53 [main] INFO  base.BaseTest - Closing Browser
2026-06-11 14:18:55 [main] INFO  base.BaseTest - ========== Test Execution Completed ==========
2026-06-11 14:18:55 [main] INFO  base.BaseTest - ========== Test Execution Started ==========
2026-06-11 14:18:55 [main] INFO  base.BaseTest - Setting up ChromeDriver
2026-06-11 14:18:55 [main] INFO  base.BaseTest - Launching Chrome Browser
2026-06-11 14:18:57 [main] INFO  base.BaseTest - Maximizing Browser Window
2026-06-11 14:18:57 [main] INFO  base.BaseTest - Applying Implicit Wait
2026-06-11 14:18:57 [main] INFO  base.BaseTest - Opening Application URL
2026-06-11 14:18:58 [main] INFO  base.BaseTest - Application Loaded Successfully
2026-06-11 14:19:05 [main] INFO  base.BaseTest - Closing Browser
2026-06-11 14:19:06 [main] INFO  base.BaseTest - ========== Test Execution Completed ==========
2026-06-11 14:19:06 [main] INFO  base.BaseTest - ========== Test Execution Started ==========
2026-06-11 14:19:06 [main] INFO  base.BaseTest - Setting up ChromeDriver
2026-06-11 14:19:06 [main] INFO  base.BaseTest - Launching Chrome Browser
2026-06-11 14:19:08 [main] INFO  base.BaseTest - Maximizing Browser Window
2026-06-11 14:19:08 [main] INFO  base.BaseTest - Applying Implicit Wait
2026-06-11 14:19:08 [main] INFO  base.BaseTest - Opening Application URL
2026-06-11 14:19:10 [main] INFO  base.BaseTest - Application Loaded Successfully
2026-06-11 14:19:16 [main] INFO  base.BaseTest - Closing Browser
2026-06-11 14:19:17 [main] INFO  base.BaseTest - ========== Test Execution Completed ==========
2026-06-11 14:19:17 [main] INFO  base.BaseTest - ========== Test Execution Started ==========
2026-06-11 14:19:17 [main] INFO  base.BaseTest - Setting up ChromeDriver
2026-06-11 14:19:17 [main] INFO  base.BaseTest - Launching Chrome Browser
2026-06-11 14:19:18 [main] INFO  base.BaseTest - Maximizing Browser Window
2026-06-11 14:19:18 [main] INFO  base.BaseTest - Applying Implicit Wait
2026-06-11 14:19:18 [main] INFO  base.BaseTest - Opening Application URL
2026-06-11 14:19:24 [main] INFO  base.BaseTest - Application Loaded Successfully
2026-06-11 14:19:26 [main] INFO  base.BaseTest - Closing Browser
2026-06-11 14:19:26 [main] INFO  base.BaseTest - ========== Test Execution Completed ==========
2026-06-11 14:19:26 [main] INFO  base.BaseTest - ========== Test Execution Started ==========
2026-06-11 14:19:26 [main] INFO  base.BaseTest - Setting up ChromeDriver
2026-06-11 14:19:26 [main] INFO  base.BaseTest - Launching Chrome Browser
2026-06-11 14:19:27 [main] INFO  base.BaseTest - Maximizing Browser Window
2026-06-11 14:19:28 [main] INFO  base.BaseTest - Applying Implicit Wait
2026-06-11 14:19:28 [main] INFO  base.BaseTest - Opening Application URL
2026-06-11 14:19:32 [main] INFO  base.BaseTest - Application Loaded Successfully
2026-06-11 14:19:32 [main] INFO  base.BaseTest - Closing Browser
2026-06-11 14:19:33 [main] INFO  base.BaseTest - ========== Test Execution Completed ==========
2026-06-11 14:19:33 [main] INFO  base.BaseTest - ========== Test Execution Started ==========
2026-06-11 14:19:33 [main] INFO  base.BaseTest - Setting up ChromeDriver
2026-06-11 14:19:33 [main] INFO  base.BaseTest - Launching Chrome Browser
2026-06-11 14:19:34 [main] INFO  base.BaseTest - Maximizing Browser Window
2026-06-11 14:19:34 [main] INFO  base.BaseTest - Applying Implicit Wait
2026-06-11 14:19:34 [main] INFO  base.BaseTest - Opening Application URL
2026-06-11 14:19:40 [main] INFO  base.BaseTest - Application Loaded Successfully
2026-06-11 14:19:41 [main] INFO  base.BaseTest - Closing Browser
2026-06-11 14:19:41 [main] INFO  base.BaseTest - ========== Test Execution Completed ==========
2026-06-11 14:19:41 [main] INFO  base.BaseTest - ========== Test Execution Started ==========
2026-06-11 14:19:41 [main] INFO  base.BaseTest - Setting up ChromeDriver
2026-06-11 14:19:41 [main] INFO  base.BaseTest - Launching Chrome Browser
2026-06-11 14:19:43 [main] INFO  base.BaseTest - Maximizing Browser Window
2026-06-11 14:19:43 [main] INFO  base.BaseTest - Applying Implicit Wait
2026-06-11 14:19:43 [main] INFO  base.BaseTest - Opening Application URL
2026-06-11 14:19:48 [main] INFO  base.BaseTest - Application Loaded Successfully
2026-06-11 14:19:51 [main] INFO  base.BaseTest - Closing Browser
2026-06-11 14:19:52 [main] INFO  base.BaseTest - ========== Test Execution Completed ==========
2026-06-11 14:19:52 [main] INFO  base.BaseTest - ========== Test Execution Started ==========
2026-06-11 14:19:52 [main] INFO  base.BaseTest - Setting up ChromeDriver
2026-06-11 14:19:52 [main] INFO  base.BaseTest - Launching Chrome Browser
2026-06-11 14:19:53 [main] INFO  base.BaseTest - Maximizing Browser Window
2026-06-11 14:19:53 [main] INFO  base.BaseTest - Applying Implicit Wait
2026-06-11 14:19:54 [main] INFO  base.BaseTest - Opening Application URL
2026-06-11 14:19:59 [main] INFO  base.BaseTest - Application Loaded Successfully
2026-06-11 14:19:59 [main] INFO  base.BaseTest - Closing Browser
2026-06-11 14:20:00 [main] INFO  base.BaseTest - ========== Test Execution Completed ==========
2026-06-11 14:20:00 [main] INFO  base.BaseTest - ========== Test Execution Started ==========
2026-06-11 14:20:00 [main] INFO  base.BaseTest - Setting up ChromeDriver
2026-06-11 14:20:00 [main] INFO  base.BaseTest - Launching Chrome Browser
2026-06-11 14:20:01 [main] INFO  base.BaseTest - Maximizing Browser Window
2026-06-11 14:20:02 [main] INFO  base.BaseTest - Applying Implicit Wait
2026-06-11 14:20:02 [main] INFO  base.BaseTest - Opening Application URL
2026-06-11 14:20:07 [main] INFO  base.BaseTest - Application Loaded Successfully
2026-06-11 14:20:08 [main] INFO  base.BaseTest - Closing Browser
2026-06-11 14:20:09 [main] INFO  base.BaseTest - ========== Test Execution Completed ==========
2026-06-11 14:20:09 [main] INFO  base.BaseTest - ========== Test Execution Started ==========
2026-06-11 14:20:09 [main] INFO  base.BaseTest - Setting up ChromeDriver
2026-06-11 14:20:09 [main] INFO  base.BaseTest - Launching Chrome Browser
2026-06-11 14:20:10 [main] INFO  base.BaseTest - Maximizing Browser Window
2026-06-11 14:20:10 [main] INFO  base.BaseTest - Applying Implicit Wait
2026-06-11 14:20:10 [main] INFO  base.BaseTest - Opening Application URL
2026-06-11 14:20:16 [main] INFO  base.BaseTest - Application Loaded Successfully
2026-06-11 14:20:16 [main] INFO  base.BaseTest - Closing Browser
2026-06-11 14:20:17 [main] INFO  base.BaseTest - ========== Test Execution Completed ==========
2026-06-11 14:20:17 [main] INFO  base.BaseTest - ========== Test Execution Started ==========
2026-06-11 14:20:17 [main] INFO  base.BaseTest - Setting up ChromeDriver
2026-06-11 14:20:17 [main] INFO  base.BaseTest - Launching Chrome Browser
2026-06-11 14:20:18 [main] INFO  base.BaseTest - Maximizing Browser Window
2026-06-11 14:20:18 [main] INFO  base.BaseTest - Applying Implicit Wait
2026-06-11 14:20:18 [main] INFO  base.BaseTest - Opening Application URL
2026-06-11 14:20:22 [main] INFO  base.BaseTest - Application Loaded Successfully
2026-06-11 14:20:24 [main] INFO  base.BaseTest - Closing Browser
2026-06-11 14:20:25 [main] INFO  base.BaseTest - ========== Test Execution Completed ==========
2026-06-11 14:20:28 [main] INFO  base.BaseTest - ========== Test Execution Started ==========
2026-06-11 14:20:28 [main] INFO  base.BaseTest - Setting up ChromeDriver
2026-06-11 14:20:28 [main] INFO  base.BaseTest - Launching Chrome Browser
2026-06-11 14:20:29 [main] INFO  base.BaseTest - Maximizing Browser Window
2026-06-11 14:20:29 [main] INFO  base.BaseTest - Applying Implicit Wait
2026-06-11 14:20:29 [main] INFO  base.BaseTest - Opening Application URL
2026-06-11 14:20:35 [main] INFO  base.BaseTest - Application Loaded Successfully
2026-06-11 14:20:37 [main] INFO  base.BaseTest - Closing Browser
2026-06-11 14:20:37 [main] INFO  base.BaseTest - ========== Test Execution Completed ==========
2026-06-11 14:20:37 [main] INFO  base.BaseTest - ========== Test Execution Started ==========
2026-06-11 14:20:37 [main] INFO  base.BaseTest - Setting up ChromeDriver
2026-06-11 14:20:37 [main] INFO  base.BaseTest - Launching Chrome Browser
2026-06-11 14:20:38 [main] INFO  base.BaseTest - Maximizing Browser Window
2026-06-11 14:20:39 [main] INFO  base.BaseTest - Applying Implicit Wait
2026-06-11 14:20:39 [main] INFO  base.BaseTest - Opening Application URL
2026-06-11 14:20:44 [main] INFO  base.BaseTest - Application Loaded Successfully
2026-06-11 14:20:46 [main] INFO  base.BaseTest - Closing Browser
2026-06-11 14:20:47 [main] INFO  base.BaseTest - ========== Test Execution Completed ==========
2026-06-11 14:20:47 [main] INFO  base.BaseTest - ========== Test Execution Started ==========
2026-06-11 14:20:47 [main] INFO  base.BaseTest - Setting up ChromeDriver
2026-06-11 14:20:47 [main] INFO  base.BaseTest - Launching Chrome Browser
2026-06-11 14:20:48 [main] INFO  base.BaseTest - Maximizing Browser Window
2026-06-11 14:20:48 [main] INFO  base.BaseTest - Applying Implicit Wait
2026-06-11 14:20:48 [main] INFO  base.BaseTest - Opening Application URL
2026-06-11 14:20:54 [main] INFO  base.BaseTest - Application Loaded Successfully
2026-06-11 14:20:56 [main] INFO  base.BaseTest - Closing Browser
2026-06-11 14:20:56 [main] INFO  base.BaseTest - ========== Test Execution Completed ==========
2026-06-11 14:20:56 [main] INFO  base.BaseTest - ========== Test Execution Started ==========
2026-06-11 14:20:56 [main] INFO  base.BaseTest - Setting up ChromeDriver
2026-06-11 14:20:56 [main] INFO  base.BaseTest - Launching Chrome Browser
2026-06-11 14:20:58 [main] INFO  base.BaseTest - Maximizing Browser Window
2026-06-11 14:20:58 [main] INFO  base.BaseTest - Applying Implicit Wait
2026-06-11 14:20:58 [main] INFO  base.BaseTest - Opening Application URL
2026-06-11 14:21:04 [main] INFO  base.BaseTest - Application Loaded Successfully
2026-06-11 14:21:08 [main] INFO  base.BaseTest - Closing Browser
2026-06-11 14:21:09 [main] INFO  base.BaseTest - ========== Test Execution Completed ==========
2026-06-11 14:21:09 [main] INFO  base.BaseTest - ========== Test Execution Started ==========
2026-06-11 14:21:09 [main] INFO  base.BaseTest - Setting up ChromeDriver
2026-06-11 14:21:09 [main] INFO  base.BaseTest - Launching Chrome Browser
2026-06-11 14:21:10 [main] INFO  base.BaseTest - Maximizing Browser Window
2026-06-11 14:21:10 [main] INFO  base.BaseTest - Applying Implicit Wait
2026-06-11 14:21:10 [main] INFO  base.BaseTest - Opening Application URL
2026-06-11 14:21:22 [main] INFO  base.BaseTest - Application Loaded Successfully
2026-06-11 14:21:23 [main] INFO  base.BaseTest - Closing Browser
2026-06-11 14:21:24 [main] INFO  base.BaseTest - ========== Test Execution Completed ==========
2026-06-13 11:00:08 [main] INFO  base.BaseTest - ========== Test Execution Started ==========
2026-06-13 11:00:08 [main] INFO  base.BaseTest - Setting up ChromeDriver
2026-06-13 11:00:22 [main] INFO  base.BaseTest - Launching Chrome Browser
2026-06-13 11:00:30 [main] INFO  base.BaseTest - Maximizing Browser Window
2026-06-13 11:00:30 [main] INFO  base.BaseTest - Applying Implicit Wait
2026-06-13 11:00:30 [main] INFO  base.BaseTest - Opening Application URL
2026-06-13 11:00:35 [main] INFO  base.BaseTest - Application Loaded Successfully
2026-06-13 11:00:43 [main] INFO  base.BaseTest - Closing Browser
2026-06-13 11:00:43 [main] INFO  base.BaseTest - ========== Test Execution Completed ==========
2026-06-13 11:11:35 [main] INFO  base.BaseTest - ========== Test Execution Started ==========
2026-06-13 11:11:35 [main] INFO  base.BaseTest - Setting up ChromeDriver
2026-06-13 11:11:36 [main] INFO  base.BaseTest - Launching Chrome Browser
2026-06-13 11:11:41 [main] INFO  base.BaseTest - Maximizing Browser Window
2026-06-13 11:11:41 [main] INFO  base.BaseTest - Applying Implicit Wait
2026-06-13 11:11:41 [main] INFO  base.BaseTest - Opening Application URL
2026-06-13 11:11:47 [main] INFO  base.BaseTest - Application Loaded Successfully
2026-06-13 11:11:49 [main] INFO  base.BaseTest - Closing Browser
2026-06-13 11:11:49 [main] INFO  base.BaseTest - ========== Test Execution Completed ==========
2026-06-13 11:11:49 [main] INFO  base.BaseTest - ========== Test Execution Started ==========
2026-06-13 11:11:49 [main] INFO  base.BaseTest - Setting up ChromeDriver
2026-06-13 11:11:49 [main] INFO  base.BaseTest - Launching Chrome Browser
2026-06-13 11:11:51 [main] INFO  base.BaseTest - Maximizing Browser Window
2026-06-13 11:11:51 [main] INFO  base.BaseTest - Applying Implicit Wait
2026-06-13 11:11:51 [main] INFO  base.BaseTest - Opening Application URL
2026-06-13 11:11:55 [main] INFO  base.BaseTest - Application Loaded Successfully
2026-06-13 11:11:56 [main] INFO  base.BaseTest - Closing Browser
2026-06-13 11:11:56 [main] INFO  base.BaseTest - ========== Test Execution Completed ==========
2026-06-13 11:11:56 [main] INFO  base.BaseTest - ========== Test Execution Started ==========
2026-06-13 11:11:56 [main] INFO  base.BaseTest - Setting up ChromeDriver
2026-06-13 11:11:57 [main] INFO  base.BaseTest - Launching Chrome Browser
2026-06-13 11:11:58 [main] INFO  base.BaseTest - Maximizing Browser Window
2026-06-13 11:11:59 [main] INFO  base.BaseTest - Applying Implicit Wait
2026-06-13 11:11:59 [main] INFO  base.BaseTest - Opening Application URL
2026-06-13 11:11:59 [main] INFO  base.BaseTest - Application Loaded Successfully
2026-06-13 11:12:04 [main] INFO  base.BaseTest - Closing Browser
2026-06-13 11:12:05 [main] INFO  base.BaseTest - ========== Test Execution Completed ==========
2026-06-13 11:12:05 [main] INFO  base.BaseTest - ========== Test Execution Started ==========
2026-06-13 11:12:05 [main] INFO  base.BaseTest - Setting up ChromeDriver
2026-06-13 11:12:05 [main] INFO  base.BaseTest - Launching Chrome Browser
2026-06-13 11:12:07 [main] INFO  base.BaseTest - Maximizing Browser Window
2026-06-13 11:12:07 [main] INFO  base.BaseTest - Applying Implicit Wait
2026-06-13 11:12:07 [main] INFO  base.BaseTest - Opening Application URL
2026-06-13 11:12:10 [main] INFO  base.BaseTest - Application Loaded Successfully
2026-06-13 11:12:13 [main] INFO  base.BaseTest - Closing Browser
2026-06-13 11:12:14 [main] INFO  base.BaseTest - ========== Test Execution Completed ==========
2026-06-13 11:12:14 [main] INFO  base.BaseTest - ========== Test Execution Started ==========
2026-06-13 11:12:14 [main] INFO  base.BaseTest - Setting up ChromeDriver
2026-06-13 11:12:14 [main] INFO  base.BaseTest - Launching Chrome Browser
2026-06-13 11:12:16 [main] INFO  base.BaseTest - Maximizing Browser Window
2026-06-13 11:12:16 [main] INFO  base.BaseTest - Applying Implicit Wait
2026-06-13 11:12:16 [main] INFO  base.BaseTest - Opening Application URL
2026-06-13 11:12:21 [main] INFO  base.BaseTest - Application Loaded Successfully
2026-06-13 11:12:23 [main] INFO  base.BaseTest - Closing Browser
2026-06-13 11:12:23 [main] INFO  base.BaseTest - ========== Test Execution Completed ==========
2026-06-13 11:12:23 [main] INFO  base.BaseTest - ========== Test Execution Started ==========
2026-06-13 11:12:23 [main] INFO  base.BaseTest - Setting up ChromeDriver
2026-06-13 11:12:24 [main] INFO  base.BaseTest - Launching Chrome Browser
2026-06-13 11:12:25 [main] INFO  base.BaseTest - Maximizing Browser Window
2026-06-13 11:12:25 [main] INFO  base.BaseTest - Applying Implicit Wait
2026-06-13 11:12:25 [main] INFO  base.BaseTest - Opening Application URL
2026-06-13 11:12:28 [main] INFO  base.BaseTest - Application Loaded Successfully
2026-06-13 11:12:29 [main] INFO  base.BaseTest - Closing Browser
2026-06-13 11:12:29 [main] INFO  base.BaseTest - ========== Test Execution Completed ==========
2026-06-13 11:12:29 [main] INFO  base.BaseTest - ========== Test Execution Started ==========
2026-06-13 11:12:29 [main] INFO  base.BaseTest - Setting up ChromeDriver
2026-06-13 11:12:29 [main] INFO  base.BaseTest - Launching Chrome Browser
2026-06-13 11:12:31 [main] INFO  base.BaseTest - Maximizing Browser Window
2026-06-13 11:12:31 [main] INFO  base.BaseTest - Applying Implicit Wait
2026-06-13 11:12:31 [main] INFO  base.BaseTest - Opening Application URL
2026-06-13 11:12:37 [main] INFO  base.BaseTest - Application Loaded Successfully
2026-06-13 11:12:38 [main] INFO  base.BaseTest - Closing Browser
2026-06-13 11:12:38 [main] INFO  base.BaseTest - ========== Test Execution Completed ==========
2026-06-13 11:12:38 [main] INFO  base.BaseTest - ========== Test Execution Started ==========
2026-06-13 11:12:38 [main] INFO  base.BaseTest - Setting up ChromeDriver
2026-06-13 11:12:39 [main] INFO  base.BaseTest - Launching Chrome Browser
2026-06-13 11:12:40 [main] INFO  base.BaseTest - Maximizing Browser Window
2026-06-13 11:12:40 [main] INFO  base.BaseTest - Applying Implicit Wait
2026-06-13 11:12:40 [main] INFO  base.BaseTest - Opening Application URL
2026-06-13 11:12:44 [main] INFO  base.BaseTest - Application Loaded Successfully
2026-06-13 11:12:45 [main] INFO  base.BaseTest - Closing Browser
2026-06-13 11:12:46 [main] INFO  base.BaseTest - ========== Test Execution Completed ==========
2026-06-13 11:12:46 [main] INFO  base.BaseTest - ========== Test Execution Started ==========
2026-06-13 11:12:46 [main] INFO  base.BaseTest - Setting up ChromeDriver
2026-06-13 11:12:46 [main] INFO  base.BaseTest - Launching Chrome Browser
2026-06-13 11:12:47 [main] INFO  base.BaseTest - Maximizing Browser Window
2026-06-13 11:12:47 [main] INFO  base.BaseTest - Applying Implicit Wait
2026-06-13 11:12:47 [main] INFO  base.BaseTest - Opening Application URL
2026-06-13 11:12:50 [main] INFO  base.BaseTest - Application Loaded Successfully
2026-06-13 11:12:51 [main] INFO  base.BaseTest - Closing Browser
2026-06-13 11:12:51 [main] INFO  base.BaseTest - ========== Test Execution Completed ==========
2026-06-13 11:12:51 [main] INFO  base.BaseTest - ========== Test Execution Started ==========
2026-06-13 11:12:51 [main] INFO  base.BaseTest - Setting up ChromeDriver
2026-06-13 11:12:51 [main] INFO  base.BaseTest - Launching Chrome Browser
2026-06-13 11:12:52 [main] INFO  base.BaseTest - Maximizing Browser Window
2026-06-13 11:12:53 [main] INFO  base.BaseTest - Applying Implicit Wait
2026-06-13 11:12:53 [main] INFO  base.BaseTest - Opening Application URL
2026-06-13 11:12:57 [main] INFO  base.BaseTest - Application Loaded Successfully
2026-06-13 11:12:57 [main] INFO  base.BaseTest - Closing Browser
2026-06-13 11:12:58 [main] INFO  base.BaseTest - ========== Test Execution Completed ==========
2026-06-13 11:12:58 [main] INFO  base.BaseTest - ========== Test Execution Started ==========
2026-06-13 11:12:58 [main] INFO  base.BaseTest - Setting up ChromeDriver
2026-06-13 11:12:58 [main] INFO  base.BaseTest - Launching Chrome Browser
2026-06-13 11:12:59 [main] INFO  base.BaseTest - Maximizing Browser Window
2026-06-13 11:12:59 [main] INFO  base.BaseTest - Applying Implicit Wait
2026-06-13 11:12:59 [main] INFO  base.BaseTest - Opening Application URL
2026-06-13 11:13:05 [main] INFO  base.BaseTest - Application Loaded Successfully
2026-06-13 11:13:05 [main] INFO  base.BaseTest - Closing Browser
2026-06-13 11:13:06 [main] INFO  base.BaseTest - ========== Test Execution Completed ==========
2026-06-13 11:13:06 [main] INFO  base.BaseTest - ========== Test Execution Started ==========
2026-06-13 11:13:06 [main] INFO  base.BaseTest - Setting up ChromeDriver
2026-06-13 11:13:06 [main] INFO  base.BaseTest - Launching Chrome Browser
2026-06-13 11:13:07 [main] INFO  base.BaseTest - Maximizing Browser Window
2026-06-13 11:13:07 [main] INFO  base.BaseTest - Applying Implicit Wait
2026-06-13 11:13:07 [main] INFO  base.BaseTest - Opening Application URL
2026-06-13 11:13:12 [main] INFO  base.BaseTest - Application Loaded Successfully
2026-06-13 11:13:13 [main] INFO  base.BaseTest - Closing Browser
2026-06-13 11:13:14 [main] INFO  base.BaseTest - ========== Test Execution Completed ==========
2026-06-13 11:13:16 [main] INFO  base.BaseTest - ========== Test Execution Started ==========
2026-06-13 11:13:16 [main] INFO  base.BaseTest - Setting up ChromeDriver
2026-06-13 11:13:16 [main] INFO  base.BaseTest - Launching Chrome Browser
2026-06-13 11:13:17 [main] INFO  base.BaseTest - Maximizing Browser Window
2026-06-13 11:13:17 [main] INFO  base.BaseTest - Applying Implicit Wait
2026-06-13 11:13:17 [main] INFO  base.BaseTest - Opening Application URL
2026-06-13 11:13:20 [main] INFO  base.BaseTest - Application Loaded Successfully
2026-06-13 11:13:22 [main] INFO  base.BaseTest - Closing Browser
2026-06-13 11:13:22 [main] INFO  base.BaseTest - ========== Test Execution Completed ==========
2026-06-13 11:13:22 [main] INFO  base.BaseTest - ========== Test Execution Started ==========
2026-06-13 11:13:22 [main] INFO  base.BaseTest - Setting up ChromeDriver
2026-06-13 11:13:22 [main] INFO  base.BaseTest - Launching Chrome Browser
2026-06-13 11:13:24 [main] INFO  base.BaseTest - Maximizing Browser Window
2026-06-13 11:13:24 [main] INFO  base.BaseTest - Applying Implicit Wait
2026-06-13 11:13:24 [main] INFO  base.BaseTest - Opening Application URL
2026-06-13 11:13:28 [main] INFO  base.BaseTest - Application Loaded Successfully
2026-06-13 11:13:29 [main] INFO  base.BaseTest - Closing Browser
2026-06-13 11:13:30 [main] INFO  base.BaseTest - ========== Test Execution Completed ==========
2026-06-13 11:13:30 [main] INFO  base.BaseTest - ========== Test Execution Started ==========
2026-06-13 11:13:30 [main] INFO  base.BaseTest - Setting up ChromeDriver
2026-06-13 11:13:30 [main] INFO  base.BaseTest - Launching Chrome Browser
2026-06-13 11:13:31 [main] INFO  base.BaseTest - Maximizing Browser Window
2026-06-13 11:13:31 [main] INFO  base.BaseTest - Applying Implicit Wait
2026-06-13 11:13:31 [main] INFO  base.BaseTest - Opening Application URL
2026-06-13 11:13:35 [main] INFO  base.BaseTest - Application Loaded Successfully
2026-06-13 11:13:36 [main] INFO  base.BaseTest - Closing Browser
2026-06-13 11:13:37 [main] INFO  base.BaseTest - ========== Test Execution Completed ==========
2026-06-13 11:13:37 [main] INFO  base.BaseTest - ========== Test Execution Started ==========
2026-06-13 11:13:37 [main] INFO  base.BaseTest - Setting up ChromeDriver
2026-06-13 11:13:37 [main] INFO  base.BaseTest - Launching Chrome Browser
2026-06-13 11:13:38 [main] INFO  base.BaseTest - Maximizing Browser Window
2026-06-13 11:13:38 [main] INFO  base.BaseTest - Applying Implicit Wait
2026-06-13 11:13:38 [main] INFO  base.BaseTest - Opening Application URL
2026-06-13 11:13:42 [main] INFO  base.BaseTest - Application Loaded Successfully
2026-06-13 11:13:47 [main] INFO  base.BaseTest - Closing Browser
2026-06-13 11:13:47 [main] INFO  base.BaseTest - ========== Test Execution Completed ==========
2026-06-13 11:13:47 [main] INFO  base.BaseTest - ========== Test Execution Started ==========
2026-06-13 11:13:47 [main] INFO  base.BaseTest - Setting up ChromeDriver
2026-06-13 11:13:47 [main] INFO  base.BaseTest - Launching Chrome Browser
2026-06-13 11:13:49 [main] INFO  base.BaseTest - Maximizing Browser Window
2026-06-13 11:13:49 [main] INFO  base.BaseTest - Applying Implicit Wait
2026-06-13 11:13:49 [main] INFO  base.BaseTest - Opening Application URL
2026-06-13 11:13:54 [main] INFO  base.BaseTest - Application Loaded Successfully
2026-06-13 11:13:55 [main] INFO  base.BaseTest - Closing Browser
2026-06-13 11:13:55 [main] INFO  base.BaseTest - ========== Test Execution Completed ==========
